Build started 4/16/2014 8:39:36 PM.
     1>Project "C:\Users\David\Desktop\Homework\Data Struct\Project5\Project5\Project5.vcxproj" on node 2 (Build target(s)).
     1>ClCompile:
         C:\Program Files (x86)\Microsoft Visual Studio 11.0\VC\bin\CL.exe /c /ZI /nologo /W3 /WX- /sdl /Od /Oy- /D WIN32 /D _DEBUG /D _CONSOLE /D _UNICODE /D UNICODE /Gm /EHsc /RTC1 /MDd /GS /fp:precise /Zc:wchar_t /Zc:forScope /Fo"Debug\\" /Fd"Debug\vc110.pdb" /Gd /TP /analyze- /errorReport:prompt AnagramMaker.cpp CCount.cpp main.cpp
         CCount.cpp
     1>c:\users\david\desktop\homework\data struct\project5\project5\ccount.cpp(18): warning C4018: '>' : signed/unsigned mismatch
     1>c:\users\david\desktop\homework\data struct\project5\project5\ccount.cpp(21): warning C4018: '<' : signed/unsigned mismatch
     1>c:\users\david\desktop\homework\data struct\project5\project5\ccount.cpp(33): warning C4018: '<' : signed/unsigned mismatch
         AnagramMaker.cpp
         Generating Code...
         Compiling...
         main.cpp
         Generating Code...
       Link:
         C:\Program Files (x86)\Microsoft Visual Studio 11.0\VC\bin\link.exe /ERRORREPORT:PROMPT /OUT:"C:\Users\David\Desktop\Homework\Data Struct\Project5\Debug\Project5.exe" /INCREMENTAL /NOLOGO kernel32.lib user32.lib gdi32.lib winspool.lib comdlg32.lib advapi32.lib shell32.lib ole32.lib oleaut32.lib uuid.lib odbc32.lib odbccp32.lib /MANIFEST /MANIFESTUAC:"level='asInvoker' uiAccess='false'" /manifest:embed /DEBUG /PDB:"C:\Users\David\Desktop\Homework\Data Struct\Project5\Debug\Project5.pdb" /SUBSYSTEM:CONSOLE /TLBID:1 /DYNAMICBASE /NXCOMPAT /IMPLIB:"C:\Users\David\Desktop\Homework\Data Struct\Project5\Debug\Project5.lib" /MACHINE:X86 Debug\AnagramMaker.obj
         Debug\CCount.obj
         Debug\main.obj
         Debug\StopWatch.obj
         Project5.vcxproj -> C:\Users\David\Desktop\Homework\Data Struct\Project5\Debug\Project5.exe
     1>Done Building Project "C:\Users\David\Desktop\Homework\Data Struct\Project5\Project5\Project5.vcxproj" (Build target(s)).

Build succeeded.

Time Elapsed 00:00:06.91
