Build started 3/25/2014 1:13:37 PM.
     1>Project "C:\Users\David\Desktop\Homework\Data Struct\Project4\Project4\Project4.vcxproj" on node 2 (Build target(s)).
     1>ClCompile:
         C:\Program Files (x86)\Microsoft Visual Studio 11.0\VC\bin\CL.exe /c /ZI /nologo /W3 /WX- /Od /Oy- /D WIN32 /D _DEBUG /D _CONSOLE /D _UNICODE /D UNICODE /Gm /EHsc /RTC1 /MDd /GS /fp:precise /Zc:wchar_t /Zc:forScope /Fo"Debug\\" /Fd"Debug\vc110.pdb" /Gd /TP /analyze- /errorReport:prompt Stinky.cpp
         Stinky.cpp
       Link:
         C:\Program Files (x86)\Microsoft Visual Studio 11.0\VC\bin\link.exe /ERRORREPORT:PROMPT /OUT:"C:\Users\David\Desktop\Homework\Data Struct\Project4\Debug\Project4.exe" /INCREMENTAL /NOLOGO kernel32.lib user32.lib gdi32.lib winspool.lib comdlg32.lib advapi32.lib shell32.lib ole32.lib oleaut32.lib uuid.lib odbc32.lib odbccp32.lib /MANIFEST /MANIFESTUAC:"level='asInvoker' uiAccess='false'" /manifest:embed /DEBUG /PDB:"C:\Users\David\Desktop\Homework\Data Struct\Project4\Debug\Project4.pdb" /SUBSYSTEM:CONSOLE /TLBID:1 /DYNAMICBASE /NXCOMPAT /IMPLIB:"C:\Users\David\Desktop\Homework\Data Struct\Project4\Debug\Project4.lib" /MACHINE:X86 Debug\Actor.obj
         Debug\CConsole.obj
         Debug\Clyde.obj
         Debug\Dinky.obj
         Debug\Game.obj
         Debug\Inky.obj
         Debug\main.obj
         Debug\Maze.obj
         Debug\Monster.obj
         Debug\Player.obj
         Debug\Stinky.obj
         Project4.vcxproj -> C:\Users\David\Desktop\Homework\Data Struct\Project4\Debug\Project4.exe
     1>Done Building Project "C:\Users\David\Desktop\Homework\Data Struct\Project4\Project4\Project4.vcxproj" (Build target(s)).

Build succeeded.

Time Elapsed 00:00:03.54
