X:\DATA STRUCT\LAB10\LAB10\LAB10\DEBUG\CCONSOLE.OBJ
X:\DATA STRUCT\LAB10\LAB10\LAB10\DEBUG\LOADMAZE-POST.OBJ
X:\DATA STRUCT\LAB10\LAB10\LAB10\DEBUG\VC100.PDB
X:\DATA STRUCT\LAB10\LAB10\DEBUG\LAB10.ILK
X:\DATA STRUCT\LAB10\LAB10\DEBUG\LAB10.EXE
X:\DATA STRUCT\LAB10\LAB10\LAB10\DEBUG\LAB10.EXE.INTERMEDIATE.MANIFEST
X:\DATA STRUCT\LAB10\LAB10\DEBUG\LAB10.PDB
X:\DATA STRUCT\LAB10\LAB10\LAB10\DEBUG\LAB10.EXE.EMBED.MANIFEST
X:\DATA STRUCT\LAB10\LAB10\LAB10\DEBUG\LAB10.EXE.EMBED.MANIFEST.RES
F:\Data Struct\Lab10\Lab10\Lab10\Debug\CConsole.obj
F:\Data Struct\Lab10\Lab10\Lab10\Debug\loadMaze-Post.obj
F:\Data Struct\Lab10\Lab10\Lab10\Debug\cl.command.1.tlog
F:\Data Struct\Lab10\Lab10\Lab10\Debug\CL.read.1.tlog
F:\Data Struct\Lab10\Lab10\Lab10\Debug\CL.write.1.tlog
F:\Data Struct\Lab10\Lab10\Lab10\Debug\Lab10.write.1.tlog
F:\Data Struct\Lab10\Lab10\Lab10\Debug\link-cvtres.read.1.tlog
F:\Data Struct\Lab10\Lab10\Lab10\Debug\link-cvtres.write.1.tlog
F:\Data Struct\Lab10\Lab10\Lab10\Debug\link.6088-cvtres.read.1.tlog
F:\Data Struct\Lab10\Lab10\Lab10\Debug\link.6088-cvtres.write.1.tlog
F:\Data Struct\Lab10\Lab10\Lab10\Debug\link.6088.read.1.tlog
F:\Data Struct\Lab10\Lab10\Lab10\Debug\link.6088.write.1.tlog
F:\Data Struct\Lab10\Lab10\Lab10\Debug\link.command.1.tlog
F:\Data Struct\Lab10\Lab10\Lab10\Debug\link.read.1.tlog
F:\Data Struct\Lab10\Lab10\Lab10\Debug\link.write.1.tlog
F:\Data Struct\Lab10\Lab10\Lab10\Debug\mt.command.1.tlog
F:\Data Struct\Lab10\Lab10\Lab10\Debug\mt.read.1.tlog
F:\Data Struct\Lab10\Lab10\Lab10\Debug\mt.write.1.tlog
F:\Data Struct\Lab10\Lab10\Lab10\Debug\rc.command.1.tlog
F:\Data Struct\Lab10\Lab10\Lab10\Debug\rc.read.1.tlog
F:\Data Struct\Lab10\Lab10\Lab10\Debug\rc.write.1.tlog
F:\Data Struct\Lab10\Lab10\Lab10\Debug\Lab10.exe.embed.manifest
F:\Data Struct\Lab10\Lab10\Lab10\Debug\Lab10.exe.intermediate.manifest
F:\Data Struct\Lab10\Lab10\Lab10\Debug\Lab10.exe.embed.manifest.res
F:\Data Struct\Lab10\Lab10\Lab10\Debug\vc100.idb
F:\Data Struct\Lab10\Lab10\Lab10\Debug\vc100.pdb
F:\Data Struct\Lab10\Lab10\Lab10\Debug\Lab10_manifest.rc
F:\Data Struct\Lab10\Lab10\Debug\Lab10.pdb
F:\Data Struct\Lab10\Lab10\Debug\Lab10.exe
F:\Data Struct\Lab10\Lab10\Debug\Lab10.ilk
